2015-08-05 11:52:40.099 opentextmobile[22408:1363088] DiskCookieStorage changing policy from 2 to 0, cookie file: file:///Users/jibrahim/Library/Developer/CoreSimulator/Devices/761153B2-FA83-48E8-A98E-43559D570E44/data/Containers/Data/Application/A448E424-7C33-4FD4-970A-E86BBDCA8037/Library/Cookies/Cookies.binarycookies
2015-08-05 11:52:40.209 opentextmobile[22408:1363088] Apache Cordova native platform version 3.8.0 is starting.
2015-08-05 11:52:40.209 opentextmobile[22408:1363088] Multi-tasking -> Device: YES, App: YES
2015-08-05 11:52:40.211 opentextmobile[22408:1363088] Unlimited access to network resources
2015-08-05 11:52:40.214 opentextmobile[22408:1363088] 

Started backup to iCloud! Please be careful.
Your application might be rejected by Apple if you store too much data.
For more information please read "iOS Data Storage Guidelines" at:
https://developer.apple.com/icloud/documentation/data-storage/
To disable web storage backup to iCloud, set the BackupWebStorage preference to "local" in the Cordova config.xml file

2015-08-05 11:52:40.309 opentextmobile[22408:1363088] [CDVTimer][file] 3.870010ms
2015-08-05 11:52:40.352 opentextmobile[22408:1363088] [CDVTimer][splashscreen] 42.643964ms
2015-08-05 11:52:40.352 opentextmobile[22408:1363088] [CDVTimer][TotalPluginStartup] 47.294021ms
2015-08-05 11:52:40.605 opentextmobile[22408:1363088] Resetting plugins due to page load.
2015-08-05 11:52:40.841 opentextmobile[22408:1363088] Finished load of: file:///Users/jibrahim/Library/Developer/CoreSimulator/Devices/761153B2-FA83-48E8-A98E-43559D570E44/data/Containers/Bundle/Application/1AA27CF6-EBD8-4B65-997F-C8E093FDFC56/opentextmobile.app/www/index.html#/tab/secureStorage
2015-08-05 12:02:15.034 opentextmobile[23206:1374986] DiskCookieStorage changing policy from 2 to 0, cookie file: file:///Users/jibrahim/Library/Developer/CoreSimulator/Devices/761153B2-FA83-48E8-A98E-43559D570E44/data/Containers/Data/Application/E7CC9827-4468-4BB8-8DBF-5E75FD3AAF4B/Library/Cookies/Cookies.binarycookies
2015-08-05 12:02:15.145 opentextmobile[23206:1374986] Apache Cordova native platform version 3.8.0 is starting.
2015-08-05 12:02:15.146 opentextmobile[23206:1374986] Multi-tasking -> Device: YES, App: YES
2015-08-05 12:02:15.147 opentextmobile[23206:1374986] Unlimited access to network resources
2015-08-05 12:02:15.151 opentextmobile[23206:1374986] 

Started backup to iCloud! Please be careful.
Your application might be rejected by Apple if you store too much data.
For more information please read "iOS Data Storage Guidelines" at:
https://developer.apple.com/icloud/documentation/data-storage/
To disable web storage backup to iCloud, set the BackupWebStorage preference to "local" in the Cordova config.xml file

2015-08-05 12:02:15.234 opentextmobile[23206:1374986] [CDVTimer][file] 2.206028ms
2015-08-05 12:02:15.246 opentextmobile[23206:1374986] [CDVTimer][splashscreen] 11.697948ms
2015-08-05 12:02:15.246 opentextmobile[23206:1374986] [CDVTimer][TotalPluginStartup] 14.218032ms
2015-08-05 12:02:15.286 opentextmobile[23206:1374986] Resetting plugins due to page load.
2015-08-05 12:02:15.436 opentextmobile[23206:1374986] Finished load of: file:///Users/jibrahim/Library/Developer/CoreSimulator/Devices/761153B2-FA83-48E8-A98E-43559D570E44/data/Containers/Bundle/Application/C1F38AF3-11F4-456C-B333-D5BF8E438896/opentextmobile.app/www/index.html#/tab/secureStorage
2015-08-05 12:14:13.001 opentextmobile[24587:1387029] DiskCookieStorage changing policy from 2 to 0, cookie file: file:///Users/jibrahim/Library/Developer/CoreSimulator/Devices/761153B2-FA83-48E8-A98E-43559D570E44/data/Containers/Data/Application/0BC96308-6992-4FD4-B03A-482A6666DAAC/Library/Cookies/Cookies.binarycookies
2015-08-05 12:14:13.124 opentextmobile[24587:1387029] Apache Cordova native platform version 3.8.0 is starting.
2015-08-05 12:14:13.125 opentextmobile[24587:1387029] Multi-tasking -> Device: YES, App: YES
2015-08-05 12:14:13.126 opentextmobile[24587:1387029] Unlimited access to network resources
2015-08-05 12:14:13.128 opentextmobile[24587:1387029] 

Started backup to iCloud! Please be careful.
Your application might be rejected by Apple if you store too much data.
For more information please read "iOS Data Storage Guidelines" at:
https://developer.apple.com/icloud/documentation/data-storage/
To disable web storage backup to iCloud, set the BackupWebStorage preference to "local" in the Cordova config.xml file

2015-08-05 12:14:13.212 opentextmobile[24587:1387029] [CDVTimer][file] 1.827002ms
2015-08-05 12:14:13.225 opentextmobile[24587:1387029] [CDVTimer][splashscreen] 12.183011ms
2015-08-05 12:14:13.225 opentextmobile[24587:1387029] [CDVTimer][TotalPluginStartup] 14.313996ms
2015-08-05 12:14:13.294 opentextmobile[24587:1387029] Resetting plugins due to page load.
2015-08-05 12:14:13.428 opentextmobile[24587:1387029] Finished load of: file:///Users/jibrahim/Library/Developer/CoreSimulator/Devices/761153B2-FA83-48E8-A98E-43559D570E44/data/Containers/Bundle/Application/686CA9FA-CF5B-41A2-A1D5-C733702D05DD/opentextmobile.app/www/index.html#/tab/secureStorage
2015-08-05 12:16:57.755 opentextmobile[25215:1390598] DiskCookieStorage changing policy from 2 to 0, cookie file: file:///Users/jibrahim/Library/Developer/CoreSimulator/Devices/761153B2-FA83-48E8-A98E-43559D570E44/data/Containers/Data/Application/3A83FEEF-725F-4E38-A260-BDF441E98694/Library/Cookies/Cookies.binarycookies
2015-08-05 12:16:57.880 opentextmobile[25215:1390598] Apache Cordova native platform version 3.8.0 is starting.
2015-08-05 12:16:57.880 opentextmobile[25215:1390598] Multi-tasking -> Device: YES, App: YES
2015-08-05 12:16:57.882 opentextmobile[25215:1390598] Unlimited access to network resources
2015-08-05 12:16:57.885 opentextmobile[25215:1390598] 

Started backup to iCloud! Please be careful.
Your application might be rejected by Apple if you store too much data.
For more information please read "iOS Data Storage Guidelines" at:
https://developer.apple.com/icloud/documentation/data-storage/
To disable web storage backup to iCloud, set the BackupWebStorage preference to "local" in the Cordova config.xml file

2015-08-05 12:16:57.970 opentextmobile[25215:1390598] [CDVTimer][file] 2.907991ms
2015-08-05 12:16:57.982 opentextmobile[25215:1390598] [CDVTimer][splashscreen] 12.561977ms
2015-08-05 12:16:57.983 opentextmobile[25215:1390598] [CDVTimer][localnotification] 0.536025ms
2015-08-05 12:16:57.983 opentextmobile[25215:1390598] [CDVTimer][localnotification] 0.005007ms
2015-08-05 12:16:57.983 opentextmobile[25215:1390598] [CDVTimer][TotalPluginStartup] 16.990006ms
2015-08-05 12:16:58.049 opentextmobile[25215:1390598] Resetting plugins due to page load.
2015-08-05 12:16:58.252 opentextmobile[25215:1390598] Finished load of: file:///Users/jibrahim/Library/Developer/CoreSimulator/Devices/761153B2-FA83-48E8-A98E-43559D570E44/data/Containers/Bundle/Application/36081DED-ED43-4907-9958-388889189670/opentextmobile.app/www/index.html#/tab/secureStorage
2015-08-05 12:18:26.086 opentextmobile[25505:1392172] DiskCookieStorage changing policy from 2 to 0, cookie file: file:///Users/jibrahim/Library/Developer/CoreSimulator/Devices/761153B2-FA83-48E8-A98E-43559D570E44/data/Containers/Data/Application/97AB802A-1409-41C0-9CAE-96C2F4ACD438/Library/Cookies/Cookies.binarycookies
2015-08-05 12:18:26.176 opentextmobile[25505:1392172] Apache Cordova native platform version 3.8.0 is starting.
2015-08-05 12:18:26.176 opentextmobile[25505:1392172] Multi-tasking -> Device: YES, App: YES
2015-08-05 12:18:26.178 opentextmobile[25505:1392172] Unlimited access to network resources
2015-08-05 12:18:26.180 opentextmobile[25505:1392172] 

Started backup to iCloud! Please be careful.
Your application might be rejected by Apple if you store too much data.
For more information please read "iOS Data Storage Guidelines" at:
https://developer.apple.com/icloud/documentation/data-storage/
To disable web storage backup to iCloud, set the BackupWebStorage preference to "local" in the Cordova config.xml file

2015-08-05 12:18:26.266 opentextmobile[25505:1392172] [CDVTimer][file] 1.807988ms
2015-08-05 12:18:26.278 opentextmobile[25505:1392172] [CDVTimer][splashscreen] 11.925995ms
2015-08-05 12:18:26.278 opentextmobile[25505:1392172] [CDVTimer][localnotification] 0.066042ms
2015-08-05 12:18:26.278 opentextmobile[25505:1392172] [CDVTimer][localnotification] 0.005007ms
2015-08-05 12:18:26.278 opentextmobile[25505:1392172] [CDVTimer][TotalPluginStartup] 14.358044ms
2015-08-05 12:18:26.317 opentextmobile[25505:1392172] Resetting plugins due to page load.
2015-08-05 12:18:26.492 opentextmobile[25505:1392172] Finished load of: file:///Users/jibrahim/Library/Developer/CoreSimulator/Devices/761153B2-FA83-48E8-A98E-43559D570E44/data/Containers/Bundle/Application/97C22401-4781-4DAD-9994-003501C02493/opentextmobile.app/www/index.html#/tab/secureStorage
2015-08-05 12:19:08.457 opentextmobile[25794:1393066] DiskCookieStorage changing policy from 2 to 0, cookie file: file:///Users/jibrahim/Library/Developer/CoreSimulator/Devices/761153B2-FA83-48E8-A98E-43559D570E44/data/Containers/Data/Application/F9D2C714-6D5C-4B11-AE1D-AF411AF9E18B/Library/Cookies/Cookies.binarycookies
2015-08-05 12:19:08.575 opentextmobile[25794:1393066] Apache Cordova native platform version 3.8.0 is starting.
2015-08-05 12:19:08.575 opentextmobile[25794:1393066] Multi-tasking -> Device: YES, App: YES
2015-08-05 12:19:08.577 opentextmobile[25794:1393066] Unlimited access to network resources
2015-08-05 12:19:08.579 opentextmobile[25794:1393066] 

Started backup to iCloud! Please be careful.
Your application might be rejected by Apple if you store too much data.
For more information please read "iOS Data Storage Guidelines" at:
https://developer.apple.com/icloud/documentation/data-storage/
To disable web storage backup to iCloud, set the BackupWebStorage preference to "local" in the Cordova config.xml file

2015-08-05 12:19:08.662 opentextmobile[25794:1393066] [CDVTimer][file] 1.810014ms
2015-08-05 12:19:08.674 opentextmobile[25794:1393066] [CDVTimer][splashscreen] 11.806011ms
2015-08-05 12:19:08.674 opentextmobile[25794:1393066] [CDVTimer][localnotification] 0.052035ms
2015-08-05 12:19:08.675 opentextmobile[25794:1393066] [CDVTimer][localnotification] 0.003994ms
2015-08-05 12:19:08.675 opentextmobile[25794:1393066] [CDVTimer][TotalPluginStartup] 14.158964ms
2015-08-05 12:19:08.713 opentextmobile[25794:1393066] Resetting plugins due to page load.
2015-08-05 12:19:08.847 opentextmobile[25794:1393066] Finished load of: file:///Users/jibrahim/Library/Developer/CoreSimulator/Devices/761153B2-FA83-48E8-A98E-43559D570E44/data/Containers/Bundle/Application/9A8AFD19-8998-4318-9CC1-C1CBE6F12F0B/opentextmobile.app/www/index.html#/tab/secureStorage
2015-08-05 12:19:32.975 opentextmobile[26036:1393792] DiskCookieStorage changing policy from 2 to 0, cookie file: file:///Users/jibrahim/Library/Developer/CoreSimulator/Devices/761153B2-FA83-48E8-A98E-43559D570E44/data/Containers/Data/Application/E5FC9F93-6D40-4D15-962E-47B02ACCC5EB/Library/Cookies/Cookies.binarycookies
2015-08-05 12:19:33.093 opentextmobile[26036:1393792] Apache Cordova native platform version 3.8.0 is starting.
2015-08-05 12:19:33.093 opentextmobile[26036:1393792] Multi-tasking -> Device: YES, App: YES
2015-08-05 12:19:33.094 opentextmobile[26036:1393792] Unlimited access to network resources
2015-08-05 12:19:33.097 opentextmobile[26036:1393792] 

Started backup to iCloud! Please be careful.
Your application might be rejected by Apple if you store too much data.
For more information please read "iOS Data Storage Guidelines" at:
https://developer.apple.com/icloud/documentation/data-storage/
To disable web storage backup to iCloud, set the BackupWebStorage preference to "local" in the Cordova config.xml file

2015-08-05 12:19:33.179 opentextmobile[26036:1393792] [CDVTimer][file] 1.906991ms
2015-08-05 12:19:33.191 opentextmobile[26036:1393792] [CDVTimer][splashscreen] 12.046039ms
2015-08-05 12:19:33.191 opentextmobile[26036:1393792] [CDVTimer][localnotification] 0.051022ms
2015-08-05 12:19:33.191 opentextmobile[26036:1393792] [CDVTimer][localnotification] 0.005007ms
2015-08-05 12:19:33.192 opentextmobile[26036:1393792] [CDVTimer][TotalPluginStartup] 14.509022ms
2015-08-05 12:19:33.236 opentextmobile[26036:1393792] Resetting plugins due to page load.
2015-08-05 12:19:33.382 opentextmobile[26036:1393792] Finished load of: file:///Users/jibrahim/Library/Developer/CoreSimulator/Devices/761153B2-FA83-48E8-A98E-43559D570E44/data/Containers/Bundle/Application/C603307F-A58C-439B-99C2-93D888ED8ED0/opentextmobile.app/www/index.html#/tab/secureStorage
2015-08-05 12:19:40.159 opentextmobile[26273:1394246] DiskCookieStorage changing policy from 2 to 0, cookie file: file:///Users/jibrahim/Library/Developer/CoreSimulator/Devices/761153B2-FA83-48E8-A98E-43559D570E44/data/Containers/Data/Application/4E55A0F8-8017-4224-8860-07D4BBCE1B52/Library/Cookies/Cookies.binarycookies
2015-08-05 12:19:40.257 opentextmobile[26273:1394246] Apache Cordova native platform version 3.8.0 is starting.
2015-08-05 12:19:40.257 opentextmobile[26273:1394246] Multi-tasking -> Device: YES, App: YES
2015-08-05 12:19:40.258 opentextmobile[26273:1394246] Unlimited access to network resources
2015-08-05 12:19:40.260 opentextmobile[26273:1394246] 

Started backup to iCloud! Please be careful.
Your application might be rejected by Apple if you store too much data.
For more information please read "iOS Data Storage Guidelines" at:
https://developer.apple.com/icloud/documentation/data-storage/
To disable web storage backup to iCloud, set the BackupWebStorage preference to "local" in the Cordova config.xml file

2015-08-05 12:19:40.340 opentextmobile[26273:1394246] [CDVTimer][file] 1.901984ms
2015-08-05 12:19:40.354 opentextmobile[26273:1394246] [CDVTimer][splashscreen] 13.985991ms
2015-08-05 12:19:40.354 opentextmobile[26273:1394246] [CDVTimer][localnotification] 0.051975ms
2015-08-05 12:19:40.354 opentextmobile[26273:1394246] [CDVTimer][localnotification] 0.003994ms
2015-08-05 12:19:40.354 opentextmobile[26273:1394246] [CDVTimer][TotalPluginStartup] 16.530991ms
2015-08-05 12:19:40.408 opentextmobile[26273:1394246] Resetting plugins due to page load.
2015-08-05 12:19:40.568 opentextmobile[26273:1394246] Finished load of: file:///Users/jibrahim/Library/Developer/CoreSimulator/Devices/761153B2-FA83-48E8-A98E-43559D570E44/data/Containers/Bundle/Application/F7004B49-53ED-429D-9130-39C337333C8C/opentextmobile.app/www/index.html#/tab/secureStorage
2015-08-05 12:19:46.465 opentextmobile[26273:1394246] WARN: Unknown property: icon
2015-08-05 12:19:50.122 opentextmobile[26273:1394246] WARN: Unknown property: icon
2015-08-05 12:20:06.048 opentextmobile[26273:1394246] WARN: Unknown property: icon
2015-08-05 12:20:23.943 opentextmobile[26273:1394246] WARN: Unknown property: icon
2015-08-05 12:20:24.637 opentextmobile[26273:1394246] WARN: Unknown property: icon
2015-08-05 12:20:25.173 opentextmobile[26273:1394246] WARN: Unknown property: icon
2015-08-05 12:20:25.557 opentextmobile[26273:1394246] WARN: Unknown property: icon
2015-08-05 12:20:25.893 opentextmobile[26273:1394246] WARN: Unknown property: icon
2015-08-05 12:20:26.374 opentextmobile[26273:1394246] WARN: Unknown property: icon
2015-08-05 12:20:26.533 opentextmobile[26273:1394246] WARN: Unknown property: icon
2015-08-05 12:20:26.997 opentextmobile[26273:1394246] WARN: Unknown property: icon
2015-08-05 12:20:27.542 opentextmobile[26273:1394246] WARN: Unknown property: icon
2015-08-05 12:20:28.070 opentextmobile[26273:1394246] WARN: Unknown property: icon
2015-08-05 12:20:28.573 opentextmobile[26273:1394246] WARN: Unknown property: icon
2015-08-05 12:20:29.145 opentextmobile[26273:1394246] WARN: Unknown property: icon
2015-08-05 12:20:29.679 opentextmobile[26273:1394246] WARN: Unknown property: icon
2015-08-05 12:20:30.193 opentextmobile[26273:1394246] WARN: Unknown property: icon
2015-08-05 12:20:30.693 opentextmobile[26273:1394246] WARN: Unknown property: icon
2015-08-05 12:20:31.142 opentextmobile[26273:1394246] WARN: Unknown property: icon
2015-08-05 12:20:31.302 opentextmobile[26273:1394246] WARN: Unknown property: icon
2015-08-05 12:20:31.758 opentextmobile[26273:1394246] WARN: Unknown property: icon
2015-08-05 12:20:31.911 opentextmobile[26273:1394246] WARN: Unknown property: icon
2015-08-05 12:21:22.859 opentextmobile[26590:1395549] DiskCookieStorage changing policy from 2 to 0, cookie file: file:///Users/jibrahim/Library/Developer/CoreSimulator/Devices/761153B2-FA83-48E8-A98E-43559D570E44/data/Containers/Data/Application/720BD66A-E7C3-47C6-B381-D29398F2D298/Library/Cookies/Cookies.binarycookies
2015-08-05 12:21:22.976 opentextmobile[26590:1395549] Apache Cordova native platform version 3.8.0 is starting.
2015-08-05 12:21:22.977 opentextmobile[26590:1395549] Multi-tasking -> Device: YES, App: YES
2015-08-05 12:21:22.978 opentextmobile[26590:1395549] Unlimited access to network resources
2015-08-05 12:21:22.980 opentextmobile[26590:1395549] 

Started backup to iCloud! Please be careful.
Your application might be rejected by Apple if you store too much data.
For more information please read "iOS Data Storage Guidelines" at:
https://developer.apple.com/icloud/documentation/data-storage/
To disable web storage backup to iCloud, set the BackupWebStorage preference to "local" in the Cordova config.xml file

2015-08-05 12:21:23.063 opentextmobile[26590:1395549] [CDVTimer][file] 1.860023ms
2015-08-05 12:21:23.075 opentextmobile[26590:1395549] [CDVTimer][splashscreen] 11.590004ms
2015-08-05 12:21:23.075 opentextmobile[26590:1395549] [CDVTimer][localnotification] 0.068009ms
2015-08-05 12:21:23.075 opentextmobile[26590:1395549] [CDVTimer][localnotification] 0.003994ms
2015-08-05 12:21:23.075 opentextmobile[26590:1395549] [CDVTimer][TotalPluginStartup] 14.045954ms
2015-08-05 12:21:23.113 opentextmobile[26590:1395549] Resetting plugins due to page load.
2015-08-05 12:21:23.248 opentextmobile[26590:1395549] Finished load of: file:///Users/jibrahim/Library/Developer/CoreSimulator/Devices/761153B2-FA83-48E8-A98E-43559D570E44/data/Containers/Bundle/Application/DAD1D0EA-1423-445D-B8B1-96C862AF95F1/opentextmobile.app/www/index.html#/tab/secureStorage
2015-08-05 12:21:49.316 opentextmobile[26831:1396299] DiskCookieStorage changing policy from 2 to 0, cookie file: file:///Users/jibrahim/Library/Developer/CoreSimulator/Devices/761153B2-FA83-48E8-A98E-43559D570E44/data/Containers/Data/Application/FEF8A274-EE53-4B62-A427-4F7132D8E525/Library/Cookies/Cookies.binarycookies
2015-08-05 12:21:49.409 opentextmobile[26831:1396299] Apache Cordova native platform version 3.8.0 is starting.
2015-08-05 12:21:49.410 opentextmobile[26831:1396299] Multi-tasking -> Device: YES, App: YES
2015-08-05 12:21:49.411 opentextmobile[26831:1396299] Unlimited access to network resources
2015-08-05 12:21:49.413 opentextmobile[26831:1396299] 

Started backup to iCloud! Please be careful.
Your application might be rejected by Apple if you store too much data.
For more information please read "iOS Data Storage Guidelines" at:
https://developer.apple.com/icloud/documentation/data-storage/
To disable web storage backup to iCloud, set the BackupWebStorage preference to "local" in the Cordova config.xml file

2015-08-05 12:21:49.494 opentextmobile[26831:1396299] [CDVTimer][file] 1.794994ms
2015-08-05 12:21:49.507 opentextmobile[26831:1396299] [CDVTimer][splashscreen] 12.615979ms
2015-08-05 12:21:49.507 opentextmobile[26831:1396299] [CDVTimer][localnotification] 0.050008ms
2015-08-05 12:21:49.507 opentextmobile[26831:1396299] [CDVTimer][localnotification] 0.005007ms
2015-08-05 12:21:49.507 opentextmobile[26831:1396299] [CDVTimer][TotalPluginStartup] 15.030980ms
2015-08-05 12:21:49.552 opentextmobile[26831:1396299] Resetting plugins due to page load.
2015-08-05 12:21:49.688 opentextmobile[26831:1396299] Finished load of: file:///Users/jibrahim/Library/Developer/CoreSimulator/Devices/761153B2-FA83-48E8-A98E-43559D570E44/data/Containers/Bundle/Application/4D039864-44C9-46DE-BB91-22F08B9DE380/opentextmobile.app/www/index.html#/tab/secureStorage
2015-08-05 12:21:52.915 opentextmobile[26831:1396299] WARN: Unknown property: icon
2015-08-05 12:22:04.096 opentextmobile[26831:1396299] WARN: Unknown property: icon
2015-08-05 12:22:05.623 opentextmobile[26831:1396299] WARN: Unknown property: icon
2015-08-05 12:22:05.789 opentextmobile[26831:1396299] WARN: Unknown property: icon
2015-08-05 12:22:55.173 opentextmobile[27150:1397901] DiskCookieStorage changing policy from 2 to 0, cookie file: file:///Users/jibrahim/Library/Developer/CoreSimulator/Devices/761153B2-FA83-48E8-A98E-43559D570E44/data/Containers/Data/Application/86BC7692-FF79-4833-9EED-BA6367BC5900/Library/Cookies/Cookies.binarycookies
2015-08-05 12:22:55.293 opentextmobile[27150:1397901] Apache Cordova native platform version 3.8.0 is starting.
2015-08-05 12:22:55.293 opentextmobile[27150:1397901] Multi-tasking -> Device: YES, App: YES
2015-08-05 12:22:55.295 opentextmobile[27150:1397901] Unlimited access to network resources
2015-08-05 12:22:55.297 opentextmobile[27150:1397901] 

Started backup to iCloud! Please be careful.
Your application might be rejected by Apple if you store too much data.
For more information please read "iOS Data Storage Guidelines" at:
https://developer.apple.com/icloud/documentation/data-storage/
To disable web storage backup to iCloud, set the BackupWebStorage preference to "local" in the Cordova config.xml file

2015-08-05 12:22:55.381 opentextmobile[27150:1397901] [CDVTimer][file] 1.770020ms
2015-08-05 12:22:55.394 opentextmobile[27150:1397901] [CDVTimer][splashscreen] 12.147009ms
2015-08-05 12:22:55.394 opentextmobile[27150:1397901] [CDVTimer][localnotification] 0.050008ms
2015-08-05 12:22:55.394 opentextmobile[27150:1397901] [CDVTimer][localnotification] 0.003994ms
2015-08-05 12:22:55.394 opentextmobile[27150:1397901] [CDVTimer][TotalPluginStartup] 14.461994ms
2015-08-05 12:22:55.435 opentextmobile[27150:1397901] Resetting plugins due to page load.
2015-08-05 12:22:57.575 opentextmobile[27150:1397901] Finished load of: file:///Users/jibrahim/Library/Developer/CoreSimulator/Devices/761153B2-FA83-48E8-A98E-43559D570E44/data/Containers/Bundle/Application/245EDB6B-ED06-4CD6-B9FC-778828EF0271/opentextmobile.app/www/index.html#/tab/secureStorage
2015-08-05 12:23:02.713 opentextmobile[27150:1397901] WARN: Unknown property: icon
2015-08-05 12:23:05.419 opentextmobile[27150:1397901] WARN: Unknown property: icon
2015-08-05 12:23:09.393 opentextmobile[27150:1397901] WARN: Unknown property: icon
2015-08-05 12:23:13.667 opentextmobile[27150:1397901] WARN: Unknown property: icon
2015-08-05 12:23:14.316 opentextmobile[27150:1397901] WARN: Unknown property: icon
2015-08-05 12:23:14.781 opentextmobile[27150:1397901] WARN: Unknown property: icon
2015-08-05 12:23:15.132 opentextmobile[27150:1397901] WARN: Unknown property: icon
2015-08-05 12:23:15.524 opentextmobile[27150:1397901] WARN: Unknown property: icon
2015-08-05 12:23:15.815 opentextmobile[27150:1397901] WARN: Unknown property: icon
2015-08-05 12:23:16.191 opentextmobile[27150:1397901] WARN: Unknown property: icon
2015-08-05 12:23:16.523 opentextmobile[27150:1397901] WARN: Unknown property: icon
2015-08-05 12:23:16.936 opentextmobile[27150:1397901] WARN: Unknown property: icon
2015-08-05 12:23:17.460 opentextmobile[27150:1397901] WARN: Unknown property: icon
2015-08-05 12:23:17.691 opentextmobile[27150:1397901] WARN: Unknown property: icon
2015-08-05 12:23:17.861 opentextmobile[27150:1397901] WARN: Unknown property: icon
2015-08-05 12:23:18.028 opentextmobile[27150:1397901] WARN: Unknown property: icon
2015-08-05 12:26:29.980 opentextmobile[27528:1404669] DiskCookieStorage changing policy from 2 to 0, cookie file: file:///Users/jibrahim/Library/Developer/CoreSimulator/Devices/761153B2-FA83-48E8-A98E-43559D570E44/data/Containers/Data/Application/4FC02365-FF62-4293-B94B-B7EA7ADFDE07/Library/Cookies/Cookies.binarycookies
2015-08-05 12:26:30.096 opentextmobile[27528:1404669] Apache Cordova native platform version 3.8.0 is starting.
2015-08-05 12:26:30.097 opentextmobile[27528:1404669] Multi-tasking -> Device: YES, App: YES
2015-08-05 12:26:30.098 opentextmobile[27528:1404669] Unlimited access to network resources
2015-08-05 12:26:30.101 opentextmobile[27528:1404669] 

Started backup to iCloud! Please be careful.
Your application might be rejected by Apple if you store too much data.
For more information please read "iOS Data Storage Guidelines" at:
https://developer.apple.com/icloud/documentation/data-storage/
To disable web storage backup to iCloud, set the BackupWebStorage preference to "local" in the Cordova config.xml file

2015-08-05 12:26:30.184 opentextmobile[27528:1404669] [CDVTimer][file] 1.854002ms
2015-08-05 12:26:30.197 opentextmobile[27528:1404669] [CDVTimer][splashscreen] 12.371957ms
2015-08-05 12:26:30.197 opentextmobile[27528:1404669] [CDVTimer][localnotification] 0.061989ms
2015-08-05 12:26:30.197 opentextmobile[27528:1404669] [CDVTimer][localnotification] 0.005007ms
2015-08-05 12:26:30.197 opentextmobile[27528:1404669] [CDVTimer][TotalPluginStartup] 14.814019ms
2015-08-05 12:26:30.237 opentextmobile[27528:1404669] Resetting plugins due to page load.
2015-08-05 12:26:30.376 opentextmobile[27528:1404669] Finished load of: file:///Users/jibrahim/Library/Developer/CoreSimulator/Devices/761153B2-FA83-48E8-A98E-43559D570E44/data/Containers/Bundle/Application/366D2384-60C4-4BA5-9BA5-FDD28A472884/opentextmobile.app/www/index.html#/tab/secureStorage
2015-08-05 12:26:33.652 opentextmobile[27528:1404669] WARN: Unknown property: icon
2015-08-05 12:26:36.499 opentextmobile[27528:1404669] WARN: Unknown property: icon
2015-08-05 12:26:37.649 opentextmobile[27528:1404669] WARN: Unknown property: icon
2015-08-05 12:28:36.921 opentextmobile[27855:1406548] DiskCookieStorage changing policy from 2 to 0, cookie file: file:///Users/jibrahim/Library/Developer/CoreSimulator/Devices/761153B2-FA83-48E8-A98E-43559D570E44/data/Containers/Data/Application/BD55526B-27A2-438D-86DA-2F6405ED8A71/Library/Cookies/Cookies.binarycookies
2015-08-05 12:28:37.038 opentextmobile[27855:1406548] Apache Cordova native platform version 3.8.0 is starting.
2015-08-05 12:28:37.038 opentextmobile[27855:1406548] Multi-tasking -> Device: YES, App: YES
2015-08-05 12:28:37.040 opentextmobile[27855:1406548] Unlimited access to network resources
2015-08-05 12:28:37.042 opentextmobile[27855:1406548] 

Started backup to iCloud! Please be careful.
Your application might be rejected by Apple if you store too much data.
For more information please read "iOS Data Storage Guidelines" at:
https://developer.apple.com/icloud/documentation/data-storage/
To disable web storage backup to iCloud, set the BackupWebStorage preference to "local" in the Cordova config.xml file

2015-08-05 12:28:37.122 opentextmobile[27855:1406548] [CDVTimer][file] 1.772046ms
2015-08-05 12:28:37.134 opentextmobile[27855:1406548] [CDVTimer][splashscreen] 11.978030ms
2015-08-05 12:28:37.134 opentextmobile[27855:1406548] [CDVTimer][localnotification] 0.064969ms
2015-08-05 12:28:37.134 opentextmobile[27855:1406548] [CDVTimer][localnotification] 0.003994ms
2015-08-05 12:28:37.134 opentextmobile[27855:1406548] [CDVTimer][TotalPluginStartup] 14.335036ms
2015-08-05 12:28:37.173 opentextmobile[27855:1406548] Resetting plugins due to page load.
2015-08-05 12:28:37.311 opentextmobile[27855:1406548] Finished load of: file:///Users/jibrahim/Library/Developer/CoreSimulator/Devices/761153B2-FA83-48E8-A98E-43559D570E44/data/Containers/Bundle/Application/ED67B0EC-6AAE-47D8-936C-1DB68FDFCD44/opentextmobile.app/www/index.html#/tab/secureStorage
